{"/home/irene/github/Udacity_capstone/src/client/js/app.js": {"path":"/home/irene/github/Udacity_capstone/src/client/js/app.js","statementMap":{"0":{"start":{"line":9,"column":2},"end":{"line":9,"column":24}},"1":{"start":{"line":12,"column":17},"end":{"line":12,"column":61}},"2":{"start":{"line":13,"column":16},"end":{"line":13,"column":57}},"3":{"start":{"line":15,"column":2},"end":{"line":15,"column":39}},"4":{"start":{"line":18,"column":2},"end":{"line":128,"column":6}},"5":{"start":{"line":29,"column":17},"end":{"line":29,"column":27}},"6":{"start":{"line":30,"column":20},"end":{"line":30,"column":57}},"7":{"start":{"line":32,"column":6},"end":{"line":32,"column":22}},"8":{"start":{"line":34,"column":23},"end":{"line":34,"column":41}},"9":{"start":{"line":35,"column":6},"end":{"line":35,"column":27}},"10":{"start":{"line":38,"column":6},"end":{"line":38,"column":58}},"11":{"start":{"line":38,"column":30},"end":{"line":38,"column":57}},"12":{"start":{"line":41,"column":18},"end":{"line":41,"column":53}},"13":{"start":{"line":42,"column":18},"end":{"line":42,"column":54}},"14":{"start":{"line":43,"column":21},"end":{"line":43,"column":23}},"15":{"start":{"line":44,"column":25},"end":{"line":44,"column":27}},"16":{"start":{"line":47,"column":6},"end":{"line":120,"column":8}},"17":{"start":{"line":48,"column":8},"end":{"line":118,"column":9}},"18":{"start":{"line":49,"column":25},"end":{"line":49,"column":33}},"19":{"start":{"line":51,"column":26},"end":{"line":69,"column":23}},"20":{"start":{"line":70,"column":26},"end":{"line":70,"column":28}},"21":{"start":{"line":73,"column":31},"end":{"line":84,"column":11}},"22":{"start":{"line":74,"column":12},"end":{"line":83,"column":13}},"23":{"start":{"line":75,"column":14},"end":{"line":77,"column":135}},"24":{"start":{"line":78,"column":19},"end":{"line":83,"column":13}},"25":{"start":{"line":79,"column":14},"end":{"line":82,"column":96}},"26":{"start":{"line":86,"column":10},"end":{"line":86,"column":25}},"27":{"start":{"line":88,"column":26},"end":{"line":88,"column":28}},"28":{"start":{"line":90,"column":31},"end":{"line":104,"column":11}},"29":{"start":{"line":91,"column":22},"end":{"line":91,"column":57}},"30":{"start":{"line":92,"column":12},"end":{"line":92,"column":28}},"31":{"start":{"line":93,"column":12},"end":{"line":103,"column":13}},"32":{"start":{"line":94,"column":14},"end":{"line":94,"column":97}},"33":{"start":{"line":96,"column":19},"end":{"line":103,"column":13}},"34":{"start":{"line":97,"column":14},"end":{"line":98,"column":85}},"35":{"start":{"line":99,"column":19},"end":{"line":103,"column":13}},"36":{"start":{"line":100,"column":14},"end":{"line":100,"column":96}},"37":{"start":{"line":101,"column":19},"end":{"line":103,"column":13}},"38":{"start":{"line":102,"column":14},"end":{"line":102,"column":96}},"39":{"start":{"line":105,"column":10},"end":{"line":105,"column":25}},"40":{"start":{"line":109,"column":26},"end":{"line":109,"column":438}},"41":{"start":{"line":112,"column":22},"end":{"line":112,"column":67}},"42":{"start":{"line":114,"column":10},"end":{"line":114,"column":25}},"43":{"start":{"line":116,"column":15},"end":{"line":118,"column":9}},"44":{"start":{"line":117,"column":10},"end":{"line":117,"column":394}},"45":{"start":{"line":123,"column":6},"end":{"line":123,"column":30}},"46":{"start":{"line":124,"column":6},"end":{"line":124,"column":34}},"47":{"start":{"line":127,"column":6},"end":{"line":127,"column":22}}},"fnMap":{"0":{"name":"genAnswer","decl":{"start":{"line":8,"column":9},"end":{"line":8,"column":18}},"loc":{"start":{"line":8,"column":26},"end":{"line":131,"column":1}},"line":8},"1":{"name":"(anonymous_1)","decl":{"start":{"line":29,"column":10},"end":{"line":29,"column":11}},"loc":{"start":{"line":29,"column":17},"end":{"line":29,"column":27}},"line":29},"2":{"name":"(anonymous_2)","decl":{"start":{"line":30,"column":11},"end":{"line":30,"column":12}},"loc":{"start":{"line":30,"column":20},"end":{"line":30,"column":57}},"line":30},"3":{"name":"(anonymous_3)","decl":{"start":{"line":31,"column":10},"end":{"line":31,"column":11}},"loc":{"start":{"line":31,"column":24},"end":{"line":128,"column":5}},"line":31},"4":{"name":"(anonymous_4)","decl":{"start":{"line":38,"column":20},"end":{"line":38,"column":21}},"loc":{"start":{"line":38,"column":30},"end":{"line":38,"column":57}},"line":38},"5":{"name":"(anonymous_5)","decl":{"start":{"line":47,"column":23},"end":{"line":47,"column":24}},"loc":{"start":{"line":47,"column":33},"end":{"line":120,"column":7}},"line":47},"6":{"name":"(anonymous_6)","decl":{"start":{"line":73,"column":31},"end":{"line":73,"column":32}},"loc":{"start":{"line":73,"column":37},"end":{"line":84,"column":11}},"line":73},"7":{"name":"(anonymous_7)","decl":{"start":{"line":90,"column":31},"end":{"line":90,"column":32}},"loc":{"start":{"line":90,"column":37},"end":{"line":104,"column":11}},"line":90}},"branchMap":{"0":{"loc":{"start":{"line":48,"column":8},"end":{"line":118,"column":9}},"type":"if","locations":[{"start":{"line":48,"column":8},"end":{"line":118,"column":9}},{"start":{"line":48,"column":8},"end":{"line":118,"column":9}}],"line":48},"1":{"loc":{"start":{"line":48,"column":12},"end":{"line":48,"column":83}},"type":"binary-expr","locations":[{"start":{"line":48,"column":12},"end":{"line":48,"column":60}},{"start":{"line":48,"column":64},"end":{"line":48,"column":83}}],"line":48},"2":{"loc":{"start":{"line":74,"column":12},"end":{"line":83,"column":13}},"type":"if","locations":[{"start":{"line":74,"column":12},"end":{"line":83,"column":13}},{"start":{"line":74,"column":12},"end":{"line":83,"column":13}}],"line":74},"3":{"loc":{"start":{"line":78,"column":19},"end":{"line":83,"column":13}},"type":"if","locations":[{"start":{"line":78,"column":19},"end":{"line":83,"column":13}},{"start":{"line":78,"column":19},"end":{"line":83,"column":13}}],"line":78},"4":{"loc":{"start":{"line":93,"column":12},"end":{"line":103,"column":13}},"type":"if","locations":[{"start":{"line":93,"column":12},"end":{"line":103,"column":13}},{"start":{"line":93,"column":12},"end":{"line":103,"column":13}}],"line":93},"5":{"loc":{"start":{"line":96,"column":19},"end":{"line":103,"column":13}},"type":"if","locations":[{"start":{"line":96,"column":19},"end":{"line":103,"column":13}},{"start":{"line":96,"column":19},"end":{"line":103,"column":13}}],"line":96},"6":{"loc":{"start":{"line":96,"column":23},"end":{"line":96,"column":83}},"type":"binary-expr","locations":[{"start":{"line":96,"column":23},"end":{"line":96,"column":50}},{"start":{"line":96,"column":54},"end":{"line":96,"column":83}}],"line":96},"7":{"loc":{"start":{"line":99,"column":19},"end":{"line":103,"column":13}},"type":"if","locations":[{"start":{"line":99,"column":19},"end":{"line":103,"column":13}},{"start":{"line":99,"column":19},"end":{"line":103,"column":13}}],"line":99},"8":{"loc":{"start":{"line":101,"column":19},"end":{"line":103,"column":13}},"type":"if","locations":[{"start":{"line":101,"column":19},"end":{"line":103,"column":13}},{"start":{"line":101,"column":19},"end":{"line":103,"column":13}}],"line":101},"9":{"loc":{"start":{"line":116,"column":15},"end":{"line":118,"column":9}},"type":"if","locations":[{"start":{"line":116,"column":15},"end":{"line":118,"column":9}},{"start":{"line":116,"column":15},"end":{"line":118,"column":9}}],"line":116}},"s":{"0":0,"1":0,"2":0,"3":0,"4":0,"5":0,"6":0,"7":0,"8":0,"9":0,"10":0,"11":0,"12":0,"13":0,"14":0,"15":0,"16":0,"17":0,"18":0,"19":0,"20":0,"21":0,"22":0,"23":0,"24":0,"25":0,"26":0,"27":0,"28":0,"29":0,"30":0,"31":0,"32":0,"33":0,"34":0,"35":0,"36":0,"37":0,"38":0,"39":0,"40":0,"41":0,"42":0,"43":0,"44":0,"45":0,"46":0,"47":0},"f":{"0":0,"1":0,"2":0,"3":0,"4":0,"5":0,"6":0,"7":0},"b":{"0":[0,0],"1":[0,0],"2":[0,0],"3":[0,0],"4":[0,0],"5":[0,0],"6":[0,0],"7":[0,0],"8":[0,0],"9":[0,0]},"_coverageSchema":"1a1c01bbd47fc00a2c39e90264f33305004495a9","hash":"618561de24b341eafae393bea58315483e6cc7c1"}
,"/home/irene/github/Udacity_capstone/src/client/js/deleteTrip.js": {"path":"/home/irene/github/Udacity_capstone/src/client/js/deleteTrip.js","statementMap":{"0":{"start":{"line":3,"column":19},"end":{"line":3,"column":49}},"1":{"start":{"line":4,"column":2},"end":{"line":4,"column":19}},"2":{"start":{"line":5,"column":2},"end":{"line":5,"column":20}},"3":{"start":{"line":7,"column":2},"end":{"line":16,"column":4}}},"fnMap":{"0":{"name":"deleteTrip","decl":{"start":{"line":1,"column":9},"end":{"line":1,"column":19}},"loc":{"start":{"line":1,"column":27},"end":{"line":18,"column":1}},"line":1}},"branchMap":{},"s":{"0":0,"1":0,"2":0,"3":0},"f":{"0":0},"b":{},"_coverageSchema":"1a1c01bbd47fc00a2c39e90264f33305004495a9","hash":"f1caabde2eeaa9ec350e0fb580d6e99caa3736d7"}
,"/home/irene/github/Udacity_capstone/src/server/index.js": {"path":"/home/irene/github/Udacity_capstone/src/server/index.js","statementMap":{"0":{"start":{"line":2,"column":15},"end":{"line":2,"column":32}},"1":{"start":{"line":3,"column":0},"end":{"line":3,"column":16}},"2":{"start":{"line":4,"column":16},"end":{"line":4,"column":34}},"3":{"start":{"line":5,"column":11},"end":{"line":5,"column":26}},"4":{"start":{"line":6,"column":17},"end":{"line":6,"column":39}},"5":{"start":{"line":7,"column":11},"end":{"line":7,"column":26}},"6":{"start":{"line":8,"column":14},"end":{"line":8,"column":35}},"7":{"start":{"line":11,"column":4},"end":{"line":11,"column":19}},"8":{"start":{"line":14,"column":20},"end":{"line":14,"column":22}},"9":{"start":{"line":17,"column":12},"end":{"line":17,"column":21}},"10":{"start":{"line":20,"column":0},"end":{"line":20,"column":15}},"11":{"start":{"line":23,"column":0},"end":{"line":23,"column":26}},"12":{"start":{"line":24,"column":0},"end":{"line":26,"column":3}},"13":{"start":{"line":30,"column":0},"end":{"line":30,"column":31}},"14":{"start":{"line":31,"column":0},"end":{"line":31,"column":22}},"15":{"start":{"line":37,"column":0},"end":{"line":39,"column":2}},"16":{"start":{"line":38,"column":2},"end":{"line":38,"column":33}},"17":{"start":{"line":44,"column":0},"end":{"line":135,"column":2}},"18":{"start":{"line":45,"column":10},"end":{"line":45,"column":20}},"19":{"start":{"line":46,"column":16},"end":{"line":46,"column":78}},"20":{"start":{"line":49,"column":18},"end":{"line":49,"column":37}},"21":{"start":{"line":50,"column":18},"end":{"line":50,"column":102}},"22":{"start":{"line":51,"column":2},"end":{"line":134,"column":3}},"23":{"start":{"line":52,"column":19},"end":{"line":52,"column":39}},"24":{"start":{"line":53,"column":15},"end":{"line":53,"column":36}},"25":{"start":{"line":54,"column":4},"end":{"line":54,"column":21}},"26":{"start":{"line":58,"column":4},"end":{"line":58,"column":20}},"27":{"start":{"line":61,"column":23},"end":{"line":61,"column":25}},"28":{"start":{"line":63,"column":4},"end":{"line":63,"column":25}},"29":{"start":{"line":64,"column":4},"end":{"line":64,"column":41}},"30":{"start":{"line":65,"column":4},"end":{"line":65,"column":41}},"31":{"start":{"line":66,"column":4},"end":{"line":66,"column":57}},"32":{"start":{"line":67,"column":4},"end":{"line":67,"column":43}},"33":{"start":{"line":68,"column":4},"end":{"line":68,"column":53}},"34":{"start":{"line":69,"column":4},"end":{"line":69,"column":29}},"35":{"start":{"line":70,"column":4},"end":{"line":70,"column":42}},"36":{"start":{"line":73,"column":26},"end":{"line":73,"column":66}},"37":{"start":{"line":74,"column":22},"end":{"line":74,"column":51}},"38":{"start":{"line":75,"column":4},"end":{"line":75,"column":73}},"39":{"start":{"line":79,"column":26},"end":{"line":79,"column":92}},"40":{"start":{"line":80,"column":26},"end":{"line":80,"column":52}},"41":{"start":{"line":81,"column":22},"end":{"line":81,"column":50}},"42":{"start":{"line":83,"column":4},"end":{"line":83,"column":49}},"43":{"start":{"line":84,"column":4},"end":{"line":84,"column":44}},"44":{"start":{"line":85,"column":4},"end":{"line":85,"column":50}},"45":{"start":{"line":86,"column":4},"end":{"line":86,"column":58}},"46":{"start":{"line":87,"column":4},"end":{"line":87,"column":55}},"47":{"start":{"line":90,"column":22},"end":{"line":90,"column":49}},"48":{"start":{"line":91,"column":24},"end":{"line":91,"column":132}},"49":{"start":{"line":92,"column":26},"end":{"line":92,"column":145}},"50":{"start":{"line":94,"column":4},"end":{"line":107,"column":5}},"51":{"start":{"line":95,"column":24},"end":{"line":95,"column":48}},"52":{"start":{"line":96,"column":22},"end":{"line":96,"column":46}},"53":{"start":{"line":97,"column":6},"end":{"line":97,"column":36}},"54":{"start":{"line":98,"column":6},"end":{"line":98,"column":53}},"55":{"start":{"line":99,"column":6},"end":{"line":99,"column":53}},"56":{"start":{"line":100,"column":6},"end":{"line":100,"column":68}},"57":{"start":{"line":102,"column":24},"end":{"line":102,"column":50}},"58":{"start":{"line":103,"column":22},"end":{"line":103,"column":46}},"59":{"start":{"line":104,"column":6},"end":{"line":104,"column":36}},"60":{"start":{"line":105,"column":6},"end":{"line":105,"column":46}},"61":{"start":{"line":106,"column":6},"end":{"line":106,"column":68}},"62":{"start":{"line":110,"column":4},"end":{"line":126,"column":5}},"63":{"start":{"line":111,"column":23},"end":{"line":111,"column":47}},"64":{"start":{"line":112,"column":26},"end":{"line":112,"column":111}},"65":{"start":{"line":113,"column":21},"end":{"line":113,"column":45}},"66":{"start":{"line":114,"column":21},"end":{"line":114,"column":42}},"67":{"start":{"line":116,"column":6},"end":{"line":116,"column":59}},"68":{"start":{"line":120,"column":23},"end":{"line":120,"column":47}},"69":{"start":{"line":121,"column":26},"end":{"line":121,"column":92}},"70":{"start":{"line":122,"column":21},"end":{"line":122,"column":45}},"71":{"start":{"line":123,"column":21},"end":{"line":123,"column":42}},"72":{"start":{"line":125,"column":6},"end":{"line":125,"column":59}},"73":{"start":{"line":128,"column":4},"end":{"line":128,"column":35}},"74":{"start":{"line":131,"column":4},"end":{"line":131,"column":25}},"75":{"start":{"line":133,"column":4},"end":{"line":133,"column":22}},"76":{"start":{"line":137,"column":0},"end":{"line":137,"column":24}},"77":{"start":{"line":140,"column":0},"end":{"line":145,"column":2}},"78":{"start":{"line":141,"column":2},"end":{"line":141,"column":27}},"79":{"start":{"line":142,"column":19},"end":{"line":142,"column":31}},"80":{"start":{"line":143,"column":2},"end":{"line":143,"column":36}},"81":{"start":{"line":144,"column":2},"end":{"line":144,"column":30}},"82":{"start":{"line":149,"column":0},"end":{"line":151,"column":2}},"83":{"start":{"line":150,"column":2},"end":{"line":150,"column":52}},"84":{"start":{"line":154,"column":0},"end":{"line":156,"column":1}}},"fnMap":{"0":{"name":"(anonymous_0)","decl":{"start":{"line":37,"column":13},"end":{"line":37,"column":14}},"loc":{"start":{"line":37,"column":32},"end":{"line":39,"column":1}},"line":37},"1":{"name":"(anonymous_1)","decl":{"start":{"line":44,"column":21},"end":{"line":44,"column":22}},"loc":{"start":{"line":44,"column":46},"end":{"line":135,"column":1}},"line":44},"2":{"name":"(anonymous_2)","decl":{"start":{"line":140,"column":20},"end":{"line":140,"column":21}},"loc":{"start":{"line":140,"column":45},"end":{"line":145,"column":1}},"line":140},"3":{"name":"(anonymous_3)","decl":{"start":{"line":149,"column":17},"end":{"line":149,"column":18}},"loc":{"start":{"line":149,"column":28},"end":{"line":151,"column":1}},"line":149}},"branchMap":{"0":{"loc":{"start":{"line":94,"column":4},"end":{"line":107,"column":5}},"type":"if","locations":[{"start":{"line":94,"column":4},"end":{"line":107,"column":5}},{"start":{"line":94,"column":4},"end":{"line":107,"column":5}}],"line":94}},"s":{"0":1,"1":1,"2":1,"3":1,"4":1,"5":1,"6":1,"7":1,"8":1,"9":1,"10":1,"11":1,"12":1,"13":1,"14":1,"15":1,"16":0,"17":1,"18":0,"19":0,"20":0,"21":0,"22":0,"23":0,"24":0,"25":0,"26":0,"27":0,"28":0,"29":0,"30":0,"31":0,"32":0,"33":0,"34":0,"35":0,"36":0,"37":0,"38":0,"39":0,"40":0,"41":0,"42":0,"43":0,"44":0,"45":0,"46":0,"47":0,"48":0,"49":0,"50":0,"51":0,"52":0,"53":0,"54":0,"55":0,"56":0,"57":0,"58":0,"59":0,"60":0,"61":0,"62":0,"63":0,"64":0,"65":0,"66":0,"67":0,"68":0,"69":0,"70":0,"71":0,"72":0,"73":0,"74":0,"75":0,"76":1,"77":1,"78":0,"79":0,"80":0,"81":0,"82":1,"83":1,"84":1},"f":{"0":0,"1":0,"2":0,"3":1},"b":{"0":[0,0]},"_coverageSchema":"1a1c01bbd47fc00a2c39e90264f33305004495a9","hash":"37d880c9851afbeaccf03ee40eab2e8e27e44a04"}
}
