{"/home/irene/github/Udacity_capstone/src/client/js/app.js": {"path":"/home/irene/github/Udacity_capstone/src/client/js/app.js","statementMap":{"0":{"start":{"line":8,"column":2},"end":{"line":8,"column":24}},"1":{"start":{"line":11,"column":17},"end":{"line":11,"column":53}},"2":{"start":{"line":12,"column":16},"end":{"line":12,"column":57}},"3":{"start":{"line":14,"column":2},"end":{"line":14,"column":39}},"4":{"start":{"line":15,"column":2},"end":{"line":113,"column":6}},"5":{"start":{"line":26,"column":17},"end":{"line":26,"column":27}},"6":{"start":{"line":28,"column":6},"end":{"line":28,"column":22}},"7":{"start":{"line":29,"column":23},"end":{"line":29,"column":41}},"8":{"start":{"line":30,"column":6},"end":{"line":30,"column":27}},"9":{"start":{"line":31,"column":6},"end":{"line":31,"column":58}},"10":{"start":{"line":31,"column":30},"end":{"line":31,"column":57}},"11":{"start":{"line":32,"column":18},"end":{"line":32,"column":53}},"12":{"start":{"line":33,"column":18},"end":{"line":33,"column":54}},"13":{"start":{"line":34,"column":21},"end":{"line":34,"column":23}},"14":{"start":{"line":35,"column":25},"end":{"line":35,"column":27}},"15":{"start":{"line":36,"column":6},"end":{"line":107,"column":9}},"16":{"start":{"line":37,"column":8},"end":{"line":105,"column":9}},"17":{"start":{"line":38,"column":21},"end":{"line":38,"column":29}},"18":{"start":{"line":39,"column":10},"end":{"line":39,"column":25}},"19":{"start":{"line":42,"column":12},"end":{"line":42,"column":28}},"20":{"start":{"line":44,"column":10},"end":{"line":44,"column":17}},"21":{"start":{"line":46,"column":26},"end":{"line":59,"column":23}},"22":{"start":{"line":60,"column":26},"end":{"line":60,"column":28}},"23":{"start":{"line":62,"column":31},"end":{"line":73,"column":11}},"24":{"start":{"line":63,"column":12},"end":{"line":72,"column":13}},"25":{"start":{"line":64,"column":14},"end":{"line":66,"column":88}},"26":{"start":{"line":67,"column":19},"end":{"line":72,"column":13}},"27":{"start":{"line":68,"column":14},"end":{"line":71,"column":83}},"28":{"start":{"line":75,"column":10},"end":{"line":75,"column":25}},"29":{"start":{"line":77,"column":26},"end":{"line":77,"column":28}},"30":{"start":{"line":79,"column":31},"end":{"line":93,"column":11}},"31":{"start":{"line":80,"column":22},"end":{"line":80,"column":57}},"32":{"start":{"line":81,"column":12},"end":{"line":81,"column":28}},"33":{"start":{"line":82,"column":12},"end":{"line":92,"column":13}},"34":{"start":{"line":83,"column":14},"end":{"line":83,"column":109}},"35":{"start":{"line":85,"column":19},"end":{"line":92,"column":13}},"36":{"start":{"line":86,"column":14},"end":{"line":87,"column":97}},"37":{"start":{"line":88,"column":19},"end":{"line":92,"column":13}},"38":{"start":{"line":89,"column":14},"end":{"line":89,"column":108}},"39":{"start":{"line":90,"column":19},"end":{"line":92,"column":13}},"40":{"start":{"line":91,"column":14},"end":{"line":91,"column":108}},"41":{"start":{"line":94,"column":10},"end":{"line":94,"column":25}},"42":{"start":{"line":96,"column":26},"end":{"line":96,"column":348}},"43":{"start":{"line":99,"column":22},"end":{"line":99,"column":67}},"44":{"start":{"line":101,"column":10},"end":{"line":101,"column":25}},"45":{"start":{"line":103,"column":15},"end":{"line":105,"column":9}},"46":{"start":{"line":104,"column":10},"end":{"line":104,"column":181}},"47":{"start":{"line":108,"column":6},"end":{"line":108,"column":30}},"48":{"start":{"line":109,"column":6},"end":{"line":109,"column":34}},"49":{"start":{"line":112,"column":6},"end":{"line":112,"column":22}}},"fnMap":{"0":{"name":"genAnswer","decl":{"start":{"line":7,"column":9},"end":{"line":7,"column":18}},"loc":{"start":{"line":7,"column":26},"end":{"line":115,"column":1}},"line":7},"1":{"name":"(anonymous_1)","decl":{"start":{"line":26,"column":10},"end":{"line":26,"column":11}},"loc":{"start":{"line":26,"column":17},"end":{"line":26,"column":27}},"line":26},"2":{"name":"(anonymous_2)","decl":{"start":{"line":27,"column":10},"end":{"line":27,"column":11}},"loc":{"start":{"line":27,"column":24},"end":{"line":113,"column":5}},"line":27},"3":{"name":"(anonymous_3)","decl":{"start":{"line":31,"column":20},"end":{"line":31,"column":21}},"loc":{"start":{"line":31,"column":30},"end":{"line":31,"column":57}},"line":31},"4":{"name":"(anonymous_4)","decl":{"start":{"line":36,"column":23},"end":{"line":36,"column":24}},"loc":{"start":{"line":36,"column":33},"end":{"line":107,"column":7}},"line":36},"5":{"name":"get","decl":{"start":{"line":41,"column":19},"end":{"line":41,"column":22}},"loc":{"start":{"line":41,"column":28},"end":{"line":43,"column":11}},"line":41},"6":{"name":"(anonymous_6)","decl":{"start":{"line":62,"column":31},"end":{"line":62,"column":32}},"loc":{"start":{"line":62,"column":37},"end":{"line":73,"column":11}},"line":62},"7":{"name":"(anonymous_7)","decl":{"start":{"line":79,"column":31},"end":{"line":79,"column":32}},"loc":{"start":{"line":79,"column":37},"end":{"line":93,"column":11}},"line":79}},"branchMap":{"0":{"loc":{"start":{"line":37,"column":8},"end":{"line":105,"column":9}},"type":"if","locations":[{"start":{"line":37,"column":8},"end":{"line":105,"column":9}},{"start":{"line":37,"column":8},"end":{"line":105,"column":9}}],"line":37},"1":{"loc":{"start":{"line":37,"column":12},"end":{"line":37,"column":83}},"type":"binary-expr","locations":[{"start":{"line":37,"column":12},"end":{"line":37,"column":60}},{"start":{"line":37,"column":64},"end":{"line":37,"column":83}}],"line":37},"2":{"loc":{"start":{"line":63,"column":12},"end":{"line":72,"column":13}},"type":"if","locations":[{"start":{"line":63,"column":12},"end":{"line":72,"column":13}},{"start":{"line":63,"column":12},"end":{"line":72,"column":13}}],"line":63},"3":{"loc":{"start":{"line":67,"column":19},"end":{"line":72,"column":13}},"type":"if","locations":[{"start":{"line":67,"column":19},"end":{"line":72,"column":13}},{"start":{"line":67,"column":19},"end":{"line":72,"column":13}}],"line":67},"4":{"loc":{"start":{"line":82,"column":12},"end":{"line":92,"column":13}},"type":"if","locations":[{"start":{"line":82,"column":12},"end":{"line":92,"column":13}},{"start":{"line":82,"column":12},"end":{"line":92,"column":13}}],"line":82},"5":{"loc":{"start":{"line":85,"column":19},"end":{"line":92,"column":13}},"type":"if","locations":[{"start":{"line":85,"column":19},"end":{"line":92,"column":13}},{"start":{"line":85,"column":19},"end":{"line":92,"column":13}}],"line":85},"6":{"loc":{"start":{"line":88,"column":19},"end":{"line":92,"column":13}},"type":"if","locations":[{"start":{"line":88,"column":19},"end":{"line":92,"column":13}},{"start":{"line":88,"column":19},"end":{"line":92,"column":13}}],"line":88},"7":{"loc":{"start":{"line":90,"column":19},"end":{"line":92,"column":13}},"type":"if","locations":[{"start":{"line":90,"column":19},"end":{"line":92,"column":13}},{"start":{"line":90,"column":19},"end":{"line":92,"column":13}}],"line":90},"8":{"loc":{"start":{"line":103,"column":15},"end":{"line":105,"column":9}},"type":"if","locations":[{"start":{"line":103,"column":15},"end":{"line":105,"column":9}},{"start":{"line":103,"column":15},"end":{"line":105,"column":9}}],"line":103}},"s":{"0":0,"1":0,"2":0,"3":0,"4":0,"5":0,"6":0,"7":0,"8":0,"9":0,"10":0,"11":0,"12":0,"13":0,"14":0,"15":0,"16":0,"17":0,"18":0,"19":0,"20":0,"21":0,"22":0,"23":0,"24":0,"25":0,"26":0,"27":0,"28":0,"29":0,"30":0,"31":0,"32":0,"33":0,"34":0,"35":0,"36":0,"37":0,"38":0,"39":0,"40":0,"41":0,"42":0,"43":0,"44":0,"45":0,"46":0,"47":0,"48":0,"49":0},"f":{"0":0,"1":0,"2":0,"3":0,"4":0,"5":0,"6":0,"7":0},"b":{"0":[0,0],"1":[0,0],"2":[0,0],"3":[0,0],"4":[0,0],"5":[0,0],"6":[0,0],"7":[0,0],"8":[0,0]},"_coverageSchema":"1a1c01bbd47fc00a2c39e90264f33305004495a9","hash":"a83c58210667ab4e0a6ac159c3a124de60369252"}
,"/home/irene/github/Udacity_capstone/src/client/js/deleteTrip.js": {"path":"/home/irene/github/Udacity_capstone/src/client/js/deleteTrip.js","statementMap":{"0":{"start":{"line":3,"column":19},"end":{"line":3,"column":49}},"1":{"start":{"line":4,"column":2},"end":{"line":4,"column":19}},"2":{"start":{"line":5,"column":2},"end":{"line":5,"column":20}},"3":{"start":{"line":7,"column":2},"end":{"line":14,"column":10}}},"fnMap":{"0":{"name":"deleteTrip","decl":{"start":{"line":1,"column":9},"end":{"line":1,"column":19}},"loc":{"start":{"line":1,"column":27},"end":{"line":16,"column":1}},"line":1}},"branchMap":{},"s":{"0":0,"1":0,"2":0,"3":0},"f":{"0":0},"b":{},"_coverageSchema":"1a1c01bbd47fc00a2c39e90264f33305004495a9","hash":"3dcd0800a0940cf1b5eadc1051c87dce0e126e85"}
,"/home/irene/github/Udacity_capstone/src/server/index.js": {"path":"/home/irene/github/Udacity_capstone/src/server/index.js","statementMap":{"0":{"start":{"line":2,"column":15},"end":{"line":2,"column":32}},"1":{"start":{"line":3,"column":0},"end":{"line":3,"column":16}},"2":{"start":{"line":4,"column":16},"end":{"line":4,"column":34}},"3":{"start":{"line":5,"column":11},"end":{"line":5,"column":26}},"4":{"start":{"line":6,"column":17},"end":{"line":6,"column":39}},"5":{"start":{"line":7,"column":11},"end":{"line":7,"column":26}},"6":{"start":{"line":8,"column":14},"end":{"line":8,"column":35}},"7":{"start":{"line":9,"column":23},"end":{"line":9,"column":38}},"8":{"start":{"line":11,"column":20},"end":{"line":11,"column":22}},"9":{"start":{"line":14,"column":12},"end":{"line":14,"column":21}},"10":{"start":{"line":16,"column":0},"end":{"line":16,"column":15}},"11":{"start":{"line":18,"column":0},"end":{"line":18,"column":26}},"12":{"start":{"line":19,"column":0},"end":{"line":21,"column":3}},"13":{"start":{"line":25,"column":0},"end":{"line":25,"column":31}},"14":{"start":{"line":26,"column":0},"end":{"line":26,"column":22}},"15":{"start":{"line":32,"column":0},"end":{"line":34,"column":2}},"16":{"start":{"line":33,"column":4},"end":{"line":33,"column":35}},"17":{"start":{"line":37,"column":0},"end":{"line":131,"column":2}},"18":{"start":{"line":38,"column":10},"end":{"line":38,"column":20}},"19":{"start":{"line":39,"column":16},"end":{"line":39,"column":78}},"20":{"start":{"line":41,"column":18},"end":{"line":41,"column":37}},"21":{"start":{"line":42,"column":18},"end":{"line":42,"column":102}},"22":{"start":{"line":43,"column":17},"end":{"line":43,"column":37}},"23":{"start":{"line":44,"column":13},"end":{"line":44,"column":34}},"24":{"start":{"line":45,"column":2},"end":{"line":45,"column":19}},"25":{"start":{"line":47,"column":2},"end":{"line":47,"column":18}},"26":{"start":{"line":50,"column":21},"end":{"line":50,"column":23}},"27":{"start":{"line":52,"column":2},"end":{"line":52,"column":28}},"28":{"start":{"line":53,"column":2},"end":{"line":53,"column":23}},"29":{"start":{"line":54,"column":2},"end":{"line":54,"column":25}},"30":{"start":{"line":56,"column":2},"end":{"line":56,"column":39}},"31":{"start":{"line":57,"column":2},"end":{"line":57,"column":39}},"32":{"start":{"line":58,"column":2},"end":{"line":58,"column":41}},"33":{"start":{"line":59,"column":2},"end":{"line":59,"column":51}},"34":{"start":{"line":60,"column":2},"end":{"line":60,"column":27}},"35":{"start":{"line":61,"column":2},"end":{"line":61,"column":40}},"36":{"start":{"line":64,"column":2},"end":{"line":64,"column":22}},"37":{"start":{"line":65,"column":2},"end":{"line":65,"column":25}},"38":{"start":{"line":66,"column":2},"end":{"line":66,"column":58}},"39":{"start":{"line":67,"column":2},"end":{"line":67,"column":16}},"40":{"start":{"line":68,"column":24},"end":{"line":68,"column":64}},"41":{"start":{"line":69,"column":20},"end":{"line":69,"column":49}},"42":{"start":{"line":70,"column":2},"end":{"line":70,"column":24}},"43":{"start":{"line":71,"column":2},"end":{"line":71,"column":70}},"44":{"start":{"line":76,"column":20},"end":{"line":76,"column":47}},"45":{"start":{"line":77,"column":22},"end":{"line":77,"column":130}},"46":{"start":{"line":78,"column":24},"end":{"line":78,"column":143}},"47":{"start":{"line":79,"column":2},"end":{"line":100,"column":5}},"48":{"start":{"line":80,"column":22},"end":{"line":80,"column":46}},"49":{"start":{"line":81,"column":20},"end":{"line":81,"column":44}},"50":{"start":{"line":82,"column":4},"end":{"line":82,"column":34}},"51":{"start":{"line":83,"column":4},"end":{"line":83,"column":51}},"52":{"start":{"line":84,"column":4},"end":{"line":84,"column":51}},"53":{"start":{"line":85,"column":4},"end":{"line":85,"column":66}},"54":{"start":{"line":89,"column":4},"end":{"line":89,"column":27}},"55":{"start":{"line":91,"column":22},"end":{"line":91,"column":48}},"56":{"start":{"line":92,"column":20},"end":{"line":92,"column":44}},"57":{"start":{"line":93,"column":4},"end":{"line":93,"column":34}},"58":{"start":{"line":94,"column":4},"end":{"line":94,"column":44}},"59":{"start":{"line":95,"column":4},"end":{"line":95,"column":66}},"60":{"start":{"line":99,"column":4},"end":{"line":99,"column":27}},"61":{"start":{"line":103,"column":2},"end":{"line":120,"column":1}},"62":{"start":{"line":104,"column":21},"end":{"line":104,"column":45}},"63":{"start":{"line":105,"column":24},"end":{"line":105,"column":109}},"64":{"start":{"line":106,"column":19},"end":{"line":106,"column":43}},"65":{"start":{"line":107,"column":19},"end":{"line":107,"column":40}},"66":{"start":{"line":108,"column":4},"end":{"line":108,"column":46}},"67":{"start":{"line":110,"column":4},"end":{"line":110,"column":57}},"68":{"start":{"line":113,"column":19},"end":{"line":113,"column":43}},"69":{"start":{"line":114,"column":22},"end":{"line":114,"column":88}},"70":{"start":{"line":115,"column":17},"end":{"line":115,"column":41}},"71":{"start":{"line":116,"column":17},"end":{"line":116,"column":38}},"72":{"start":{"line":117,"column":2},"end":{"line":117,"column":44}},"73":{"start":{"line":119,"column":2},"end":{"line":119,"column":55}},"74":{"start":{"line":122,"column":2},"end":{"line":122,"column":33}},"75":{"start":{"line":124,"column":19},"end":{"line":124,"column":45}},"76":{"start":{"line":125,"column":19},"end":{"line":125,"column":48}},"77":{"start":{"line":126,"column":2},"end":{"line":126,"column":23}},"78":{"start":{"line":128,"column":2},"end":{"line":128,"column":27}},"79":{"start":{"line":129,"column":2},"end":{"line":129,"column":23}},"80":{"start":{"line":133,"column":0},"end":{"line":133,"column":24}},"81":{"start":{"line":138,"column":0},"end":{"line":143,"column":2}},"82":{"start":{"line":139,"column":2},"end":{"line":139,"column":27}},"83":{"start":{"line":140,"column":19},"end":{"line":140,"column":31}},"84":{"start":{"line":141,"column":2},"end":{"line":141,"column":36}},"85":{"start":{"line":142,"column":2},"end":{"line":142,"column":30}},"86":{"start":{"line":145,"column":0},"end":{"line":145,"column":54}},"87":{"start":{"line":147,"column":0},"end":{"line":149,"column":2}},"88":{"start":{"line":148,"column":2},"end":{"line":148,"column":52}},"89":{"start":{"line":151,"column":0},"end":{"line":151,"column":22}}},"fnMap":{"0":{"name":"(anonymous_0)","decl":{"start":{"line":32,"column":13},"end":{"line":32,"column":14}},"loc":{"start":{"line":32,"column":33},"end":{"line":34,"column":1}},"line":32},"1":{"name":"(anonymous_1)","decl":{"start":{"line":37,"column":21},"end":{"line":37,"column":22}},"loc":{"start":{"line":37,"column":46},"end":{"line":131,"column":1}},"line":37},"2":{"name":"(anonymous_2)","decl":{"start":{"line":138,"column":20},"end":{"line":138,"column":21}},"loc":{"start":{"line":138,"column":45},"end":{"line":143,"column":1}},"line":138},"3":{"name":"(anonymous_3)","decl":{"start":{"line":147,"column":17},"end":{"line":147,"column":18}},"loc":{"start":{"line":147,"column":29},"end":{"line":149,"column":1}},"line":147}},"branchMap":{"0":{"loc":{"start":{"line":79,"column":2},"end":{"line":100,"column":5}},"type":"if","locations":[{"start":{"line":79,"column":2},"end":{"line":100,"column":5}},{"start":{"line":79,"column":2},"end":{"line":100,"column":5}}],"line":79}},"s":{"0":1,"1":1,"2":1,"3":1,"4":1,"5":1,"6":1,"7":1,"8":1,"9":1,"10":1,"11":1,"12":1,"13":1,"14":1,"15":1,"16":0,"17":1,"18":0,"19":0,"20":0,"21":0,"22":0,"23":0,"24":0,"25":0,"26":0,"27":0,"28":0,"29":0,"30":0,"31":0,"32":0,"33":0,"34":0,"35":0,"36":0,"37":0,"38":0,"39":0,"40":0,"41":0,"42":0,"43":0,"44":0,"45":0,"46":0,"47":0,"48":0,"49":0,"50":0,"51":0,"52":0,"53":0,"54":0,"55":0,"56":0,"57":0,"58":0,"59":0,"60":0,"61":0,"62":0,"63":0,"64":0,"65":0,"66":0,"67":0,"68":0,"69":0,"70":0,"71":0,"72":0,"73":0,"74":0,"75":0,"76":0,"77":0,"78":0,"79":0,"80":1,"81":1,"82":0,"83":0,"84":0,"85":0,"86":1,"87":1,"88":1,"89":1},"f":{"0":0,"1":0,"2":0,"3":1},"b":{"0":[0,0]},"_coverageSchema":"1a1c01bbd47fc00a2c39e90264f33305004495a9","hash":"897e7aa31619582c17e1bd027b6a3a1cf3218fda"}
}
